<?xml version="1.0" encoding="UTF-8"?>
<!-- Generated by org.testng.reporters.JUnitXMLReporter -->
<testsuite ignored="0" hostname="DESKTOP-1P6EC4M" failures="0" tests="2" name="Default test" time="70.394" errors="0" timestamp="٢٩ أكتوبر ٢٠٢٤ ٠٨:٠٩:٢٠ GMT">
  <testcase classname="io.cucumber.testng.AbstractTestNGCucumberTests" name="runScenario" time="32.949"/>
  <testcase classname="io.cucumber.testng.AbstractTestNGCucumberTests" name="runScenario" time="21.298"/>
</testsuite> <!-- Default test -->
