<?xml version="1.0" encoding="UTF-8"?>
<testng-results ignored="0" total="2" passed="2" failed="0" skipped="0">
  <reporter-output>
  </reporter-output>
  <suite started-at="٢٠٢٤-١٠-٢٩T٠٨:٠٨:١٠Z" name="Default suite" finished-at="٢٠٢٤-١٠-٢٩T٠٨:٠٩:٢٠Z" duration-ms="70394">
    <groups>
      <group name="cucumber">
        <method signature="AbstractTestNGCucumberTests.runScenario(io.cucumber.testng.PickleWrapper, io.cucumber.testng.FeatureWrapper)[pri:0, instance:runner.TestRunner@41f69e84]" name="runScenario" class="io.cucumber.testng.AbstractTestNGCucumberTests"/>
      </group> <!-- cucumber -->
    </groups>
    <test started-at="٢٠٢٤-١٠-٢٩T٠٨:٠٨:١٠Z" name="Default test" finished-at="٢٠٢٤-١٠-٢٩T٠٨:٠٩:٢٠Z" duration-ms="70394">
      <class name="runner.TestRunner">
        <test-method is-config="true" signature="android_setup()[pri:0, instance:runner.TestRunner@41f69e84]" started-at="٢٠٢٤-١٠-٢٩T٠٨:٠٨:١٠Z" name="android_setup" finished-at="٢٠٢٤-١٠-٢٩T٠٨:٠٨:٢٥Z" duration-ms="14863" status="PASS">
          <reporter-output>
          </reporter-output>
        </test-method> <!-- android_setup -->
        <test-method is-config="true" signature="setUpClass()[pri:0, instance:runner.TestRunner@41f69e84]" started-at="٢٠٢٤-١٠-٢٩T٠٨:٠٨:٢٥Z" name="setUpClass" finished-at="٢٠٢٤-١٠-٢٩T٠٨:٠٨:٢٦Z" duration-ms="1187" status="PASS">
          <reporter-output>
          </reporter-output>
        </test-method> <!-- setUpClass -->
        <test-method signature="runScenario(io.cucumber.testng.PickleWrapper, io.cucumber.testng.FeatureWrapper)[pri:0, instance:runner.TestRunner@41f69e84]" started-at="٢٠٢٤-١٠-٢٩T٠٨:٠٨:٢٦Z" name="runScenario" description="Runs Cucumber Scenarios" data-provider="scenarios" finished-at="٢٠٢٤-١٠-٢٩T٠٨:٠٨:٥٩Z" duration-ms="32949" status="PASS">
          <params>
            <param index="0">
              <value>
                <![CDATA["The User can add new task"]]>
              </value>
            </param>
            <param index="1">
              <value>
                <![CDATA["Optional[Create New Task]"]]>
              </value>
            </param>
          </params>
          <reporter-output>
          </reporter-output>
        </test-method> <!-- runScenario -->
        <test-method signature="runScenario(io.cucumber.testng.PickleWrapper, io.cucumber.testng.FeatureWrapper)[pri:0, instance:runner.TestRunner@41f69e84]" started-at="٢٠٢٤-١٠-٢٩T٠٨:٠٨:٥٩Z" name="runScenario" description="Runs Cucumber Scenarios" data-provider="scenarios" finished-at="٢٠٢٤-١٠-٢٩T٠٨:٠٩:٢٠Z" duration-ms="21298" status="PASS">
          <params>
            <param index="0">
              <value>
                <![CDATA["The User can add new task"]]>
              </value>
            </param>
            <param index="1">
              <value>
                <![CDATA["Optional[Create New Task]"]]>
              </value>
            </param>
          </params>
          <reporter-output>
          </reporter-output>
        </test-method> <!-- runScenario -->
        <test-method is-config="true" signature="tearDownClass()[pri:0, instance:runner.TestRunner@41f69e84]" started-at="٢٠٢٤-١٠-٢٩T٠٨:٠٩:٢٠Z" name="tearDownClass" finished-at="٢٠٢٤-١٠-٢٩T٠٨:٠٩:٢٠Z" duration-ms="49" status="PASS">
          <reporter-output>
          </reporter-output>
        </test-method> <!-- tearDownClass -->
        <test-method is-config="true" signature="tearDown()[pri:0, instance:runner.TestRunner@41f69e84]" started-at="٢٠٢٤-١٠-٢٩T٠٨:٠٩:٢٠Z" name="tearDown" finished-at="٢٠٢٤-١٠-٢٩T٠٨:٠٩:٢٠Z" duration-ms="0" status="PASS">
          <reporter-output>
          </reporter-output>
        </test-method> <!-- tearDown -->
      </class> <!-- runner.TestRunner -->
    </test> <!-- Default test -->
  </suite> <!-- Default suite -->
</testng-results>
